<?xml version="1.0" encoding="UTF-8"?>
<!-- Generated by org.testng.reporters.JUnitXMLReporter -->
<testsuite ignored="0" hostname="LAPTOP-MDH2C3B5" failures="1" tests="1" name="opencart tests(failed)(failed)" time="17.542" errors="0" timestamp="2021-11-13T15:57:35 IST">
  <testcase classname="testCases.TC_001_AccountRegistration" name="test_account_Registration" time="15.248">
    <failure type="java.lang.AssertionError" message="expected [true] but found [false]">
      <![CDATA[java.lang.AssertionError: expected [true] but found [false]
at testCases.TC_001_AccountRegistration.test_account_Registration(TC_001_AccountRegistration.java:64)
at java.base/java.util.ArrayList.forEach(ArrayList.java:1511)
... Removed 31 stack frames]]>
    </failure>
  </testcase> <!-- test_account_Registration -->
</testsuite> <!-- opencart tests(failed)(failed) -->
