<?xml version="1.0" encoding="UTF-8"?>
<!-- Generated by org.testng.reporters.JUnitXMLReporter -->
<testsuite ignored="0" hostname="LAPTOP-MDH2C3B5" failures="1" tests="2" name="opencart tests" time="18.981" errors="0" timestamp="2021-11-13T16:22:08 IST">
  <testcase classname="testCases.TC_001_AccountRegistration" name="test_account_Registration" time="7.933">
    <failure type="java.lang.AssertionError" message="null">
      <![CDATA[java.lang.AssertionError: null
at testCases.TC_001_AccountRegistration.test_account_Registration(TC_001_AccountRegistration.java:70)
at java.base/java.util.ArrayList.forEach(ArrayList.java:1511)
... Removed 29 stack frames]]>
    </failure>
  </testcase> <!-- test_account_Registration -->
  <testcase classname="testCases.TC_002_Login" name="login" time="5.821"/>
</testsuite> <!-- opencart tests -->
